0 verbose cli /usr/local/bin/node /usr/local/bin/npm
1 info using npm@8.19.3
2 info using node@v18.13.0
3 timing npm:load:whichnode Completed in 1ms
4 timing config:load:defaults Completed in 0ms
5 timing config:load:file:/usr/local/lib/node_modules/npm/npmrc Completed in 1ms
6 timing config:load:builtin Completed in 1ms
7 timing config:load:cli Completed in 0ms
8 timing config:load:env Completed in 1ms
9 timing config:load:file:/Users/caelius_consulting/Documents/GitHub/MarketBillingFramework/.npmrc Completed in 0ms
10 timing config:load:project Completed in 1ms
11 timing config:load:file:/Users/caelius_consulting/Documents/GitHub/MarketBillingFramework/~/.npmrc Completed in 1ms
12 timing config:load:user Completed in 1ms
13 timing config:load:file:/usr/local/etc/npmrc Completed in 0ms
14 timing config:load:global Completed in 0ms
15 timing config:load:validate Completed in 0ms
16 timing config:load:credentials Completed in 1ms
17 timing config:load:setEnvs Completed in 0ms
18 timing config:load Completed in 5ms
19 timing npm:load:configload Completed in 5ms
20 timing npm:load:mkdirpcache Completed in 2ms
21 timing npm:load:mkdirplogs Completed in 1ms
22 verbose title npm install maven
23 verbose argv "install" "maven"
24 timing npm:load:setTitle Completed in 5ms
25 timing config:load:flatten Completed in 1ms
26 timing npm:load:display Completed in 2ms
27 verbose logfile logs-max:10 dir:/Users/caelius_consulting/Documents/GitHub/MarketBillingFramework/~/.npm/_logs
28 verbose logfile /Users/caelius_consulting/Documents/GitHub/MarketBillingFramework/~/.npm/_logs/2023-02-01T06_44_25_702Z-debug-0.log
29 timing npm:load:logFile Completed in 2ms
30 timing npm:load:timers Completed in 0ms
31 timing npm:load:configScope Completed in 0ms
32 timing npm:load Completed in 18ms
33 timing arborist:ctor Completed in 0ms
34 silly logfile done cleaning log files
35 timing idealTree:init Completed in 6ms
36 timing idealTree:userRequests Completed in 1ms
37 silly idealTree buildDeps
38 silly fetch manifest maven@*
39 timing arborist:ctor Completed in 0ms
40 http fetch GET 200 https://registry.npmjs.org/npm 624ms (cache updated)
41 http fetch GET 200 https://registry.npmjs.org/maven 1338ms (cache miss)
42 silly placeDep ROOT maven@5.0.0 OK for:  want: *
43 timing idealTree:#root Completed in 1343ms
44 timing idealTree:node_modules/maven Completed in 0ms
45 timing idealTree:buildDeps Completed in 1343ms
46 timing idealTree:fixDepFlags Completed in 1ms
47 timing idealTree Completed in 1351ms
48 timing reify:loadTrees Completed in 1351ms
49 timing reify:diffTrees Completed in 1ms
50 silly reify moves {}
51 timing reify:retireShallow Completed in 1ms
52 timing reify:createSparse Completed in 0ms
53 timing reify:loadBundles Completed in 0ms
54 silly audit bulk request { 'allure-commandline': [ '2.20.1' ], maven: [ '5.0.0' ] }
55 silly tarball no local data for maven@https://registry.npmjs.org/maven/-/maven-5.0.0.tgz. Extracting by manifest.
56 http fetch GET 200 https://registry.npmjs.org/maven/-/maven-5.0.0.tgz 102ms (cache miss)
57 timing reifyNode:node_modules/maven Completed in 106ms
58 timing reify:unpack Completed in 106ms
59 timing reify:unretire Completed in 0ms
60 timing build:queue Completed in 0ms
61 timing build:deps Completed in 0ms
62 timing build Completed in 1ms
63 timing reify:build Completed in 1ms
64 timing reify:trash Completed in 0ms
65 timing reify:save Completed in 4ms
66 http fetch POST 200 https://registry.npmjs.org/-/npm/v1/security/advisories/bulk 331ms
67 timing auditReport:getReport Completed in 332ms
68 silly audit report {}
69 timing auditReport:init Completed in 0ms
70 timing reify:audit Completed in 333ms
71 timing reify Completed in 1695ms
72 silly ADD node_modules/maven
73 timing command:install Completed in 1699ms
74 notice
74 notice New [31mmajor[39m version of npm available! [31m8.19.3[39m -> [32m9.4.0[39m
74 notice Changelog: [36mhttps://github.com/npm/cli/releases/tag/v9.4.0[39m
74 notice Run [32mnpm install -g npm@9.4.0[39m to update!
74 notice
75 verbose exit 0
76 timing npm Completed in 1762ms
77 info ok
